<?xml version="1.0" encoding="UTF-8"?>
<testng-results ignored="0" total="1" passed="1" failed="0" skipped="0">
  <reporter-output>
  </reporter-output>
  <suite started-at="2023-08-18T12:25:17 IST" name="Default suite" finished-at="2023-08-18T12:25:23 IST" duration-ms="5383">
    <groups>
    </groups>
    <test started-at="2023-08-18T12:25:17 IST" name="Default test" finished-at="2023-08-18T12:25:23 IST" duration-ms="5383">
      <class name="testing_operations.Ex03_2_HandleEdgeBrowser">
        <test-method signature="f()[pri:0, instance:testing_operations.Ex03_2_HandleEdgeBrowser@2177849e]" started-at="2023-08-18T12:25:17 IST" name="f" finished-at="2023-08-18T12:25:23 IST" duration-ms="5346" status="PASS">
          <reporter-output>
          </reporter-output>
        </test-method> <!-- f -->
      </class> <!-- testing_operations.Ex03_2_HandleEdgeBrowser -->
    </test> <!-- Default test -->
  </suite> <!-- Default suite -->
</testng-results>
