<?xml version="1.0" encoding="UTF-8"?>
<!-- Generated by org.testng.reporters.JUnitReportReporter -->
<testsuite hostname="INLEN8520074572" failures="0" tests="2" name="Testng_other_operations.Ex01_MultipleTestExecution_Way02" time="13.402" errors="0" timestamp="2023-05-18T09:59:53 IST" skipped="1">
  <testcase classname="Testng_other_operations.Ex01_MultipleTestExecution_Way02" name="test02" time="13.402"/>
  <system-out/>
  <testcase classname="Testng_other_operations.Ex01_MultipleTestExecution_Way02" name="f">
    <skipped/>
  </testcase> <!-- f -->
  <system-out/>
</testsuite> <!-- Testng_other_operations.Ex01_MultipleTestExecution_Way02 -->
