<?xml version="1.0" encoding="UTF-8"?>
<!-- Generated by org.testng.reporters.JUnitReportReporter -->
<testsuite hostname="INLEN8520074572" failures="0" tests="3" name="Testng_other_operations.Ex05_MultipleTestExecution_BM" time="25.973" errors="0" timestamp="2023-05-18T11:49:09 IST" skipped="0">
  <testcase classname="Testng_other_operations.Ex05_MultipleTestExecution_BM" name="test02" time="8.155"/>
  <system-out/>
  <testcase classname="Testng_other_operations.Ex05_MultipleTestExecution_BM" name="test01" time="12.658"/>
  <system-out/>
  <testcase classname="Testng_other_operations.Ex05_MultipleTestExecution_BM" name="f" time="5.160"/>
  <system-out/>
</testsuite> <!-- Testng_other_operations.Ex05_MultipleTestExecution_BM -->
