<?xml version="1.0" encoding="UTF-8"?>
<!-- Generated by org.testng.reporters.JUnitReportReporter -->
<testsuite hostname="INLEN8520074572" failures="0" tests="2" name="Testng_other_operations.Ex07_02_TestException" time="0.880" errors="0" timestamp="2023-05-18T14:40:27 IST" skipped="0">
  <testcase classname="Testng_other_operations.Ex07_02_TestException" name="f" time="0.498"/>
  <system-out/>
  <testcase classname="Testng_other_operations.Ex07_02_TestException" name="test04" time="0.382"/>
  <system-out/>
</testsuite> <!-- Testng_other_operations.Ex07_02_TestException -->
