<?xml version="1.0" encoding="UTF-8"?>
<!-- Generated by org.testng.reporters.JUnitReportReporter -->
<testsuite hostname="INLEN8520074572" failures="0" tests="2" name="Testng_other_operations.Ex03_IgnoredTestExecution" time="8.407" errors="0" timestamp="2023-05-18T10:41:11 IST" skipped="1">
  <testcase classname="Testng_other_operations.Ex03_IgnoredTestExecution" name="test02" time="8.407"/>
  <system-out/>
  <testcase classname="Testng_other_operations.Ex03_IgnoredTestExecution" name="f">
    <skipped/>
  </testcase> <!-- f -->
  <system-out/>
</testsuite> <!-- Testng_other_operations.Ex03_IgnoredTestExecution -->
