<?xml version="1.0" encoding="UTF-8"?>
<!-- Generated by org.testng.reporters.JUnitReportReporter -->
<testsuite hostname="INLEN8520074572" failures="0" tests="2" name="Testng_other_operations.Ex01_MultipleTestExecution_Way1" time="15.340" errors="0" timestamp="2023-05-18T09:51:18 IST" skipped="0">
  <testcase classname="Testng_other_operations.Ex01_MultipleTestExecution_Way1" name="test02" time="7.387"/>
  <system-out/>
  <testcase classname="Testng_other_operations.Ex01_MultipleTestExecution_Way1" name="f" time="7.953"/>
  <system-out/>
</testsuite> <!-- Testng_other_operations.Ex01_MultipleTestExecution_Way1 -->
