<?xml version="1.0" encoding="UTF-8"?>
<!-- Generated by org.testng.reporters.JUnitReportReporter -->
<testsuite hostname="INLEN8520074572" failures="0" tests="2" name="Testng_other_operations.Ex04_Annotations" time="0.005" errors="0" timestamp="2023-05-18T10:52:11 IST" skipped="0">
  <testcase classname="Testng_other_operations.Ex04_Annotations" name="f" time="0.004"/>
  <system-out/>
  <testcase classname="Testng_other_operations.Ex04_Annotations" name="test02" time="0.001"/>
  <system-out/>
</testsuite> <!-- Testng_other_operations.Ex04_Annotations -->
