<?xml version="1.0" encoding="UTF-8"?>
<!-- Generated by org.testng.reporters.JUnitReportReporter -->
<testsuite hostname="INLEN8520074572" failures="0" tests="3" name="config_utility_base_2.TestClass" time="10.889" errors="0" timestamp="2023-05-20T09:33:31 IST" skipped="0">
  <testcase classname="config_utility_base_2.TestClass" name="test01" time="5.438"/>
  <system-out/>
  <testcase classname="config_utility_base_2.TestClass" name="test02" time="5.448"/>
  <system-out/>
  <testcase classname="config_utility_base_2.TestClass" name="f" time="0.003"/>
  <system-out/>
</testsuite> <!-- config_utility_base_2.TestClass -->
