<?xml version="1.0" encoding="UTF-8"?>
<!-- Generated by org.testng.reporters.JUnitReportReporter -->
<testsuite hostname="INLEN8520074572" failures="0" tests="2" name="Testng_other_operations.Ex02_PrioritizedTestExecution" time="12.003" errors="0" timestamp="2023-05-18T10:07:09 IST" skipped="0">
  <testcase classname="Testng_other_operations.Ex02_PrioritizedTestExecution" name="test02" time="6.749"/>
  <system-out/>
  <testcase classname="Testng_other_operations.Ex02_PrioritizedTestExecution" name="f" time="5.254"/>
  <system-out/>
</testsuite> <!-- Testng_other_operations.Ex02_PrioritizedTestExecution -->
