<?xml version="1.0" encoding="UTF-8"?>
<!-- Generated by org.testng.reporters.JUnitReportReporter -->
<testsuite hostname="INLEN8520074572" failures="0" tests="2" name="Testng_other_operations.Ex07_01_TestExecution" time="1.124" errors="0" timestamp="2023-05-18T14:34:59 IST" skipped="0">
  <testcase classname="Testng_other_operations.Ex07_01_TestExecution" name="f" time="0.475"/>
  <system-out/>
  <testcase classname="Testng_other_operations.Ex07_01_TestExecution" name="test02" time="0.649"/>
  <system-out/>
</testsuite> <!-- Testng_other_operations.Ex07_01_TestExecution -->
