<?xml version="1.0" encoding="UTF-8"?>
<!-- Generated by org.testng.reporters.JUnitReportReporter -->
<testsuite hostname="INLEN8520074572" failures="0" tests="2" name="Testng_other_operations.Ex06_MultipleTestExecution_BC" time="1.182" errors="0" timestamp="2023-05-18T11:55:14 IST" skipped="0">
  <testcase classname="Testng_other_operations.Ex06_MultipleTestExecution_BC" name="f" time="0.491"/>
  <system-out/>
  <testcase classname="Testng_other_operations.Ex06_MultipleTestExecution_BC" name="test02" time="0.691"/>
  <system-out/>
</testsuite> <!-- Testng_other_operations.Ex06_MultipleTestExecution_BC -->
