<?xml version="1.0" encoding="UTF-8"?>
<!-- Generated by org.testng.reporters.JUnitReportReporter -->
<testsuite hostname="INLEN8520074572" failures="0" tests="2" name="config_utility_base_1.TestClass" time="11.310" errors="0" timestamp="2023-05-20T09:31:59 IST" skipped="0">
  <testcase classname="config_utility_base_1.TestClass" name="f" time="3.954"/>
  <system-out/>
  <testcase classname="config_utility_base_1.TestClass" name="test01" time="7.356"/>
  <system-out/>
</testsuite> <!-- config_utility_base_1.TestClass -->
