<?xml version="1.0" encoding="UTF-8"?>
<!-- Generated by org.testng.reporters.JUnitReportReporter -->
<testsuite hostname="INLEN8520074572" failures="0" tests="2" name="Testng_other_operations.Ex10_Logs" time="0.009" errors="0" timestamp="2023-05-18T15:02:14 IST" skipped="0">
  <testcase classname="Testng_other_operations.Ex10_Logs" name="test02" time="0.001"/>
  <system-out>
    <![CDATA[Firefox vrowser is launched
AUT App2 is launched]]>
  </system-out>
  <testcase classname="Testng_other_operations.Ex10_Logs" name="f" time="0.008"/>
  <system-out>
    <![CDATA[chrome browser is launched]]>
  </system-out>
</testsuite> <!-- Testng_other_operations.Ex10_Logs -->
