<?xml version="1.0" encoding="UTF-8"?>
<!-- Generated by org.testng.reporters.JUnitReportReporter -->
<testsuite hostname="INLEN8520074572" failures="0" tests="4" name="Testng_other_operations.Ex08_TestGroup" time="0.009" errors="0" timestamp="2023-05-18T14:39:32 IST" skipped="0">
  <testcase classname="Testng_other_operations.Ex08_TestGroup" name="test03" time="0.000"/>
  <system-out/>
  <testcase classname="Testng_other_operations.Ex08_TestGroup" name="test02" time="0.000"/>
  <system-out/>
  <testcase classname="Testng_other_operations.Ex08_TestGroup" name="f" time="0.009"/>
  <system-out/>
  <testcase classname="Testng_other_operations.Ex08_TestGroup" name="test04" time="0.000"/>
  <system-out/>
</testsuite> <!-- Testng_other_operations.Ex08_TestGroup -->
